#
# There is insufficient memory for the Java Runtime Environment to continue.
# Native memory allocation (mmap) failed to map 123731968 bytes for G1 virtual space
# Possible reasons:
#   The system is out of physical RAM or swap space
#   The process is running with CompressedOops enabled, and the Java Heap may be blocking the growth of the native heap
# Possible solutions:
#   Reduce memory load on the system
#   Increase physical memory or swap space
#   Check if swap backing store is full
#   Decrease Java heap size (-Xmx/-Xms)
#   Decrease number of Java threads
#   Decrease Java thread stack sizes (-Xss)
#   Set larger code cache with -XX:ReservedCodeCacheSize=
#   JVM is running with Unscaled Compressed Oops mode in which the Java heap is
#     placed in the first 4GB address space. The Java Heap base address is the
#     maximum limit for the native heap growth. Please use -XX:HeapBaseMinAddress
#     to set the Java Heap base and to place the Java Heap above 4GB virtual address.
# This output file may be truncated or incomplete.
#
#  Out of Memory Error (os_windows.cpp:3528), pid=23472, tid=22692
#
# JRE version:  (20.0.1+9) (build )
# Java VM: Java HotSpot(TM) 64-Bit Server VM (20.0.1+9-29, mixed mode, sharing, tiered, compressed oops, compressed class ptrs, g1 gc, windows-amd64)
# No core dump will be written. Minidumps are not enabled by default on client versions of Windows
#

---------------  S U M M A R Y ------------

Command Line: -Dfile.encoding=UTF-8 --module-path=D:\placment\Hotel Management System\build\classes hotel.management.system.UpdateCheck

Host: AMD Ryzen 5 5500U with Radeon Graphics         , 12 cores, 7G,  Windows 11 , 64 bit Build 22621 (10.0.22621.3958)
Time: Sat Nov 23 13:19:53 2024 India Standard Time elapsed time: 0.019917 seconds (0d 0h 0m 0s)

---------------  T H R E A D  ---------------

Current thread (0x000001b2baefcbb0):  JavaThread "Unknown thread" [_thread_in_vm, id=22692, stack(0x0000002819500000,0x0000002819600000)]

Stack: [0x0000002819500000,0x0000002819600000]
Native frames: (J=compiled Java code, j=interpreted, Vv=VM code, C=native code)
V  [jvm.dll+0x6bb95a]
V  [jvm.dll+0x8485fa]
V  [jvm.dll+0x84a1f5]
V  [jvm.dll+0x84a8f3]
V  [jvm.dll+0x280b0f]
V  [jvm.dll+0x6b86e9]
V  [jvm.dll+0x6ad2da]
V  [jvm.dll+0x35adf5]
V  [jvm.dll+0x363016]
V  [jvm.dll+0x3b3b3e]
V  [jvm.dll+0x3b3dc5]
V  [jvm.dll+0x32b50a]
V  [jvm.dll+0x32c32b]
V  [jvm.dll+0x8112bf]
V  [jvm.dll+0x3c0d91]
V  [jvm.dll+0x7fcfe3]
V  [jvm.dll+0x44c76f]
V  [jvm.dll+0x44e0e1]
C  [jli.dll+0x5287]
C  [ucrtbase.dll+0x29333]
C  [KERNEL32.DLL+0x1257d]
C  [ntdll.dll+0x5af08]


---------------  P R O C E S S  ---------------

Threads class SMR info:
_java_thread_list=0x00007fff1d19a098, length=0, elements={
}

Java Threads: ( => current thread )

Other Threads:
  0x000001b2baf5b420 WorkerThread "GC Thread#0" [stack: 0x0000002819600000,0x0000002819700000] [id=6368]
  0x000001b2baf6adb0 ConcurrentGCThread "G1 Main Marker" [stack: 0x0000002819700000,0x0000002819800000] [id=25024]
  0x000001b2baf6b980 WorkerThread "G1 Conc#0" [stack: 0x0000002819800000,0x0000002819900000] [id=27968]

[error occurred during error reporting (printing all threads), id 0xc0000005, EXCEPTION_ACCESS_VIOLATION (0xc0000005) at pc=0x00007fff1c97eb47]
VM state: not at safepoint (not fully initialized)

VM Mutex/Monitor currently owned by a thread:  ([mutex/lock_event])
[0x000001b2baef84f0] Heap_lock - owner thread: 0x000001b2baefcbb0

Heap address: 0x000000008ac00000, size: 1876 MB, Compressed Oops mode: 32-bit

CDS archive(s) mapped at: [0x0000000000000000-0x0000000000000000-0x0000000000000000), size 0, SharedBaseAddress: 0x0000000800000000, ArchiveRelocationMode: 0.
Narrow klass base: 0x0000000000000000, Narrow klass shift: 0, Narrow klass range: 0x0

GC Precious Log:
 CardTable entry size: 512
 Card Set container configuration: InlinePtr #cards 5 size 8 Array Of Cards #cards 12 size 40 Howl #buckets 4 coarsen threshold 1843 Howl Bitmap #cards 512 size 80 coarsen threshold 460 Card regions per heap region 1 cards per card region 2048

Heap:
 garbage-first heap   total 0K, used 0K [0x000000008ac00000, 0x0000000100000000)
  region size 1024K, 0 young (0K), 0 survivors (0K)

[error occurred during error reporting (printing heap information), id 0xc0000005, EXCEPTION_ACCESS_VIOLATION (0xc0000005) at pc=0x00007fff1cd53c59]
GC Heap History (0 events):
No events

Dll operation events (1 events):
Event: 0.012 Loaded shared library C:\Program Files\Java\jdk-20\bin\java.dll

Deoptimization events (0 events):
No events

Classes loaded (0 events):
No events

Classes unloaded (0 events):
No events

Classes redefined (0 events):
No events

Internal exceptions (0 events):
No events

VM Operations (0 events):
No events

Events (0 events):
No events


Dynamic libraries:
0x00007ff6886b0000 - 0x00007ff6886c0000 	C:\Program Files\Java\jdk-20\bin\java.exe
0x00007fff8d750000 - 0x00007fff8d967000 	C:\WINDOWS\SYSTEM32\ntdll.dll
0x00007fff8cc70000 - 0x00007fff8cd34000 	C:\WINDOWS\System32\KERNEL32.DLL
0x00007fff8aa60000 - 0x00007fff8ae17000 	C:\WINDOWS\System32\KERNELBASE.dll
0x00007fff8b2b0000 - 0x00007fff8b3c1000 	C:\WINDOWS\System32\ucrtbase.dll
0x00007fff85fd0000 - 0x00007fff85feb000 	C:\Program Files\Java\jdk-20\bin\VCRUNTIME140.dll
0x00007fff87110000 - 0x00007fff87129000 	C:\Program Files\Java\jdk-20\bin\jli.dll
0x00007fff8bbd0000 - 0x00007fff8bc82000 	C:\WINDOWS\System32\ADVAPI32.dll
0x00007fff8c7b0000 - 0x00007fff8c857000 	C:\WINDOWS\System32\msvcrt.dll
0x00007fff8bcd0000 - 0x00007fff8bd78000 	C:\WINDOWS\System32\sechost.dll
0x00007fff8b3d0000 - 0x00007fff8b3f8000 	C:\WINDOWS\System32\bcrypt.dll
0x00007fff8d430000 - 0x00007fff8d544000 	C:\WINDOWS\System32\RPCRT4.dll
0x00007fff8bd80000 - 0x00007fff8bf2f000 	C:\WINDOWS\System32\USER32.dll
0x00007fff6f7e0000 - 0x00007fff6fa73000 	C:\WINDOWS\WinSxS\amd64_microsoft.windows.common-controls_6595b64144ccf1df_6.0.22621.3672_none_2713b9d173822955\COMCTL32.dll
0x00007fff8b280000 - 0x00007fff8b2a6000 	C:\WINDOWS\System32\win32u.dll
0x00007fff8c9c0000 - 0x00007fff8c9e9000 	C:\WINDOWS\System32\GDI32.dll
0x00007fff8b160000 - 0x00007fff8b278000 	C:\WINDOWS\System32\gdi32full.dll
0x00007fff8ae20000 - 0x00007fff8aeba000 	C:\WINDOWS\System32\msvcp_win.dll
0x00007fff81810000 - 0x00007fff8181a000 	C:\WINDOWS\SYSTEM32\VERSION.dll
0x00007fff8cc30000 - 0x00007fff8cc61000 	C:\WINDOWS\System32\IMM32.DLL
0x00007fff85f10000 - 0x00007fff85f1c000 	C:\Program Files\Java\jdk-20\bin\vcruntime140_1.dll
0x00007fff6ad40000 - 0x00007fff6adce000 	C:\Program Files\Java\jdk-20\bin\msvcp140.dll
0x00007fff1c640000 - 0x00007fff1d2d7000 	C:\Program Files\Java\jdk-20\bin\server\jvm.dll
0x00007fff862c0000 - 0x00007fff862f4000 	C:\WINDOWS\SYSTEM32\WINMM.dll
0x00007fff79a20000 - 0x00007fff79a29000 	C:\WINDOWS\SYSTEM32\WSOCK32.dll
0x00007fff8caa0000 - 0x00007fff8cb11000 	C:\WINDOWS\System32\WS2_32.dll
0x00007fff89ab0000 - 0x00007fff89ac8000 	C:\WINDOWS\SYSTEM32\kernel.appcore.dll
0x00007fff85f00000 - 0x00007fff85f0a000 	C:\Program Files\Java\jdk-20\bin\jimage.dll
0x00007fff85270000 - 0x00007fff854a2000 	C:\WINDOWS\SYSTEM32\DBGHELP.DLL
0x00007fff8b7b0000 - 0x00007fff8bb3e000 	C:\WINDOWS\System32\combase.dll
0x00007fff8d5c0000 - 0x00007fff8d697000 	C:\WINDOWS\System32\OLEAUT32.dll
0x00007fff81880000 - 0x00007fff818b2000 	C:\WINDOWS\SYSTEM32\dbgcore.DLL
0x00007fff8b400000 - 0x00007fff8b47b000 	C:\WINDOWS\System32\bcryptPrimitives.dll
0x00007fff83410000 - 0x00007fff83436000 	C:\Program Files\Java\jdk-20\bin\java.dll

dbghelp: loaded successfully - version: 4.0.5 - missing functions: none
symbol engine: initialized successfully - sym options: 0x614 - pdb path: .;C:\Program Files\Java\jdk-20\bin;C:\WINDOWS\SYSTEM32;C:\WINDOWS\WinSxS\amd64_microsoft.windows.common-controls_6595b64144ccf1df_6.0.22621.3672_none_2713b9d173822955;C:\Program Files\Java\jdk-20\bin\server

VM Arguments:
jvm_args: -Dfile.encoding=UTF-8 --module-path=D:\placment\Hotel Management System\build\classes 
java_command: hotel.management.system.UpdateCheck
java_class_path (initial): D:\mysql-connector-java-8.0.28.jar;D:\placment\rs2xml.jar;D:\placment\Hotel Management System\build\classes
Launcher Type: SUN_STANDARD

[Global flags]
     intx CICompilerCount                          = 4                                         {product} {ergonomic}
     uint ConcGCThreads                            = 3                                         {product} {ergonomic}
     uint G1ConcRefinementThreads                  = 10                                        {product} {ergonomic}
   size_t G1HeapRegionSize                         = 1048576                                   {product} {ergonomic}
    uintx GCDrainStackTargetSize                   = 64                                        {product} {ergonomic}
   size_t InitialHeapSize                          = 123731968                                 {product} {ergonomic}
   size_t MarkStackSize                            = 4194304                                   {product} {ergonomic}
   size_t MaxHeapSize                              = 1967128576                                {product} {ergonomic}
   size_t MinHeapDeltaBytes                        = 1048576                                   {product} {ergonomic}
   size_t MinHeapSize                              = 8388608                                   {product} {ergonomic}
    uintx NonNMethodCodeHeapSize                   = 5839372                                {pd product} {ergonomic}
    uintx NonProfiledCodeHeapSize                  = 122909434                              {pd product} {ergonomic}
    uintx ProfiledCodeHeapSize                     = 122909434                              {pd product} {ergonomic}
    uintx ReservedCodeCacheSize                    = 251658240                              {pd product} {ergonomic}
     bool SegmentedCodeCache                       = true                                      {product} {ergonomic}
   size_t SoftMaxHeapSize                          = 1967128576                             {manageable} {ergonomic}
     bool UseCompressedClassPointers               = true                           {product lp64_product} {ergonomic}
     bool UseCompressedOops                        = true                           {product lp64_product} {ergonomic}
     bool UseG1GC                                  = true                                      {product} {ergonomic}
     bool UseLargePagesIndividualAllocation        = false                                  {pd product} {ergonomic}

Logging:
Log output configuration:
 #0: stdout all=warning uptime,level,tags foldmultilines=false
 #1: stderr all=off uptime,level,tags foldmultilines=false

Environment Variables:
JAVA_HOME=C:\Program Files\OpenLogic\jdk-11.0.25.9-hotspot\bin
PATH=C:\Program Files\OpenLogic\jdk-11.0.25.9-hotspot\bin;C:\Program Files\Common Files\Oracle\Java\javapath;C:\Program Files (x86)\NVIDIA Corporation\PhysX\Common;C:\WINDOWS\system32;C:\WINDOWS;C:\WINDOWS\System32\Wbem;C:\WINDOWS\System32\WindowsPowerShell\v1.0\;C:\WINDOWS\System32\OpenSSH\;C:\Program Files\Git\cmd;C:\Program Files\Java\jdk-20\bin;C:\Users\shubh\AppData\Local\Android\Sdk\platform-tools;C:\Users\shubh\AppData\Local\Android\Sdk\platforms;C:\Users\shubh\AppData\Local\Android\Sdk\build-tools;C:\Users\shubh\AppData\Local\Android\Sdk\emulator;C:\Users\shubh\AppData\Local\Programs\Python\Python312\Scripts\;C:\Users\shubh\AppData\Local\Programs\Python\Python312\;C:\Program Files\MySQL\MySQL Shell 8.0\bin\;C:\Users\shubh\AppData\Local\Programs\Microsoft VS Code\bin;C:\Program Files\Java\jdk-20\bin
USERNAME=shubh
OS=Windows_NT
PROCESSOR_IDENTIFIER=AMD64 Family 23 Model 104 Stepping 1, AuthenticAMD
TMP=C:\Users\shubh\AppData\Local\Temp
TEMP=C:\Users\shubh\AppData\Local\Temp




---------------  S Y S T E M  ---------------

OS:
 Windows 11 , 64 bit Build 22621 (10.0.22621.3958)
OS uptime: 0 days 20:20 hours
Hyper-V role detected

CPU: total 12 (initial active 12) (12 cores per cpu, 2 threads per core) family 23 model 104 stepping 1 microcode 0x0, cx8, cmov, fxsr, ht, mmx, 3dnowpref, sse, sse2, sse3, ssse3, sse4a, sse4.1, sse4.2, popcnt, lzcnt, tsc, tscinvbit, avx, avx2, aes, clmul, bmi1, bmi2, adx, sha, fma, vzeroupper, clflush, clflushopt, hv, rdtscp, rdpid, f16c

Memory: 4k page, system-wide physical 7501M (358M free)
TotalPageFile size 29961M (AvailPageFile size 42M)
current process WorkingSet (physical memory assigned to process): 11M, peak: 11M
current process commit charge ("private bytes"): 64M, peak: 182M

vm_info: Java HotSpot(TM) 64-Bit Server VM (20.0.1+9-29) for windows-amd64 JRE (20.0.1+9-29), built on 2023-03-07T13:56:11Z by "mach5one" with MS VC++ 17.1 (VS2022)

END.
